{"numFailedTestSuites":7,"numFailedTests":11,"numPassedTestSuites":30,"numPassedTests":57,"numPendingTestSuites":0,"numPendingTests":0,"numRuntimeErrorTestSuites":0,"numTodoTests":0,"numTotalTestSuites":37,"numTotalTests":68,"openHandles":[],"snapshot":{"added":0,"didUpdate":false,"failure":true,"filesAdded":0,"filesRemoved":0,"filesRemovedList":[],"filesUnmatched":7,"filesUpdated":0,"matched":22,"total":33,"unchecked":0,"uncheckedKeysByFile":[],"unmatched":11,"updated":0},"startTime":1778778587903,"success":false,"testResults":[{"assertionResults":[{"ancestorTitles":["Host"],"duration":251,"failureDetails":[{"matcherResult":{"actual":"<div>\n  <div\n    class=\"css-8qdz7x\"\n  >\n    <header\n      class=\"css-lkgpjt\"\n    >\n      <div\n        class=\"chakra-stack css-1kydda\"\n      >\n        <a\n          data-discover=\"true\"\n          href=\"/\"\n          style=\"text-decoration: none;\"\n        >\n          <p\n            class=\"css-lwhv2b\"\n          >\n            WorldOfTech\n          </p>\n        </a>\n      </div>\n      <div\n        class=\"chakra-stack css-465vsc\"\n      >\n        <button\n          aria-label=\"Search\"\n          class=\"chakra-button css-1cxguc5\"\n          type=\"button\"\n        >\n          <span\n            class=\"material-symbols-outlined\"\n            style=\"font-size: 20px;\"\n          >\n            search\n          </span>\n        </button>\n        <button\n          aria-label=\"toggle-color-mode\"\n          class=\"chakra-button css-hjqm2w\"\n          type=\"button\"\n        >\n          <svg\n            color=\"primary\"\n            fill=\"currentColor\"\n            height=\"20\"\n            viewBox=\"0 0 16 16\"\n            width=\"20\"\n          >\n            <path\n              d=\"M8 11a3 3 0 110-6 3 3 0 010 6zm0 1a4 4 0 100-8 4 4 0 000 8zM8 0a.5.5 0 01.5.5v2a.5.5 0 01-1 0v-2A.5.5 0 018 0zm0 13a.5.5 0 01.5.5v2a.5.5 0 01-1 0v-2A.5.5 0 018 13zm8-5a.5.5 0 01-.5.5h-2a.5.5 0 010-1h2a.5.5 0 01.5.5zM3 8a.5.5 0 01-.5.5h-2a.5.5 0 010-1h2A.5.5 0 013 8zm10.657-5.657a.5.5 0 010 .707l-1.414 1.415a.5.5 0 11-.707-.708l1.414-1.414a.5.5 0 01.707 0zm-9.193 9.193a.5.5 0 010 .707L3.05 13.657a.5.5 0 01-.707-.707l1.414-1.414a.5.5 0 01.707 0zm9.193 2.121a.5.5 0 01-.707 0l-1.414-1.414a.5.5 0 01.707-.707l1.414 1.414a.5.5 0 010 .707zM4.464 4.465a.5.5 0 01-.707 0L2.343 3.05a.5.5 0 11.707-.707l1.414 1.414a.5.5 0 010 .708z\"\n            />\n          </svg>\n        </button>\n        <a\n          class=\"chakra-link css-2yvnes\"\n          href=\"https://github.com/WorldOfTech0/WOT\"\n          rel=\"noopener noreferrer\"\n          style=\"text-decoration: none;\"\n          target=\"_blank\"\n        >\n          <button\n            aria-label=\"Code\"\n            class=\"chakra-button css-1cxguc5\"\n            type=\"button\"\n          >\n            <span\n              class=\"material-symbols-outlined\"\n              style=\"font-size: 20px;\"\n            >\n              code\n            </span>\n          </button>\n        </a>\n      </div>\n    </header>\n    <nav\n      class=\"css-1yu1kmm\"\n    >\n      <div\n        class=\"css-il2wov\"\n      >\n        <p\n          class=\"css-15fik6v\"\n        >\n          Navigation\n        </p>\n        <div\n          class=\"css-81bkrc\"\n        />\n        <p\n          class=\"css-11nhyxh\"\n        >\n          SYSTEM LIBRARIES\n        </p>\n      </div>\n      <div\n        class=\"css-ixqrcq\"\n      >\n        <div\n          class=\"css-1pc8169\"\n        >\n          <p\n            class=\"css-z6fwwq\"\n          >\n            Information Library\n          </p>\n          <div\n            class=\"css-1xhv3dq\"\n          />\n        </div>\n        <div\n          class=\"css-rtymh1\"\n        >\n          <a\n            class=\"\"\n            data-discover=\"true\"\n            href=\"/media\"\n            style=\"text-decoration: none; display: block;\"\n          >\n            <div\n              class=\"css-4v5mcn\"\n            >\n              <span\n                class=\"material-symbols-outlined\"\n                style=\"font-size: 20px; transition: all 0.3s ease;\"\n              >\n                movie\n              </span>\n              <p\n                class=\"css-5hra6z\"\n              >\n                Media\n              </p>\n            </div>\n          </a>\n        </div>\n        <div\n          class=\"css-rtymh1\"\n        >\n          <a\n            class=\"\"\n            data-discover=\"true\"\n            href=\"/ai\"\n            style=\"text-decoration: none; display: block;\"\n          >\n            <div\n              class=\"css-4v5mcn\"\n            >\n              <span\n                class=\"material-symbols-outlined\"\n                style=\"font-size: 20px; transition: all 0.3s ease;\"\n              >\n                psychology\n              </span>\n              <p\n                class=\"css-5hra6z\"\n              >\n                AI\n              </p>\n            </div>\n          </a>\n        </div>\n        <div\n          class=\"css-1pc8169\"\n        >\n          <p\n            class=\"css-z6fwwq\"\n          >\n            Information Tools\n          </p>\n          <div\n            class=\"css-1xhv3dq\"\n          />\n        </div>\n        <div\n          class=\"css-rtymh1\"\n        >\n          <a\n            class=\"\"\n            data-discover=\"true\"\n            href=\"/tools\"\n            style=\"text-decoration: none; display: block;\"\n          >\n            <div\n              class=\"css-4v5mcn\"\n            >\n              <span\n                class=\"material-symbols-outlined\"\n                style=\"font-size: 20px; transition: all 0.3s ease;\"\n              >\n                build\n              </span>\n              <p\n                class=\"css-5hra6z\"\n              >\n                Tools\n              </p>\n            </div>\n          </a>\n        </div>\n      </div>\n    </nav>\n    <main\n      class=\"css-115r48m\"\n    />\n    <footer\n      class=\"css-17y9hbq\"\n    >\n      <div\n        class=\"css-1ocneyr\"\n      >\n        <div>\n          <a\n            class=\"chakra-link css-1w9d65j\"\n            href=\"https://worldoftech.co.in\"\n            rel=\"noopener noreferrer\"\n            target=\"_blank\"\n          >\n            <p\n              class=\"css-psxnlr\"\n            >\n              WorldOfTech\n            </p>\n          </a>\n          <p\n            class=\"css-1x7du1n\"\n          >\n            Curating the finest technology resources for the modern developer elite.\n          </p>\n        </div>\n        <div\n          class=\"chakra-stack css-i5wwxt\"\n        >\n          <div\n            class=\"chakra-stack css-16p2oxl\"\n          >\n            <p\n              class=\"css-15lbfbi\"\n            >\n              Connect\n            </p>\n            <a\n              class=\"chakra-link css-klqc50\"\n              href=\"https://worldoftech.co.in\"\n              rel=\"noopener noreferrer\"\n              target=\"_blank\"\n            >\n              Website\n            </a>\n            <a\n              class=\"chakra-link css-klqc50\"\n              href=\"https://github.com/WorldOfTech0/WOT\"\n              rel=\"noopener noreferrer\"\n              target=\"_blank\"\n            >\n              GitHub\n            </a>\n            <a\n              class=\"chakra-link css-klqc50\"\n              href=\"#\"\n            >\n              Twitter\n            </a>\n          </div>\n          <div\n            class=\"chakra-stack css-16p2oxl\"\n          >\n            <p\n              class=\"css-15lbfbi\"\n            >\n              Legal\n            </p>\n            <a\n              data-discover=\"true\"\n              href=\"/privacy\"\n              style=\"text-decoration: none;\"\n            >\n              <p\n                class=\"css-15jvvgl\"\n              >\n                Privacy\n              </p>\n            </a>\n            <a\n              data-discover=\"true\"\n              href=\"/terms\"\n              style=\"text-decoration: none;\"\n            >\n              <p\n                class=\"css-15jvvgl\"\n              >\n                Terms\n              </p>\n            </a>\n          </div>\n        </div>\n      </div>\n      <div\n        class=\"css-15qeq3o\"\n      >\n        <div\n          class=\"css-1ujh7in\"\n        >\n          <p\n            class=\"css-13k715q\"\n          >\n            © 2026 WORLDOFTECH.CO.IN // ALL RIGHTS RESERVED.\n          </p>\n          <p\n            class=\"css-13k715q\"\n          >\n            STAY CURIOUS. STAY ELITE.\n          </p>\n        </div>\n      </div>\n    </footer>\n  </div>\n</div>","expected":"<div>\n  <div\n    class=\"css-8qdz7x\"\n  >\n    <header\n      class=\"css-lkgpjt\"\n    >\n      <div\n        class=\"chakra-stack css-1kydda\"\n      >\n        <a\n          data-discover=\"true\"\n          href=\"/\"\n          style=\"text-decoration: none;\"\n        >\n          <p\n            class=\"css-lwhv2b\"\n          >\n            WorldOfTech\n          </p>\n        </a>\n      </div>\n      <div\n        class=\"chakra-stack css-465vsc\"\n      >\n        <button\n          aria-label=\"Search\"\n          class=\"chakra-button css-1cxguc5\"\n          type=\"button\"\n        >\n          <span\n            class=\"material-symbols-outlined\"\n            style=\"font-size: 20px;\"\n          >\n            search\n          </span>\n        </button>\n        <button\n          aria-label=\"toggle-color-mode\"\n          class=\"chakra-button css-hjqm2w\"\n          type=\"button\"\n        >\n          <svg\n            color=\"primary\"\n            fill=\"currentColor\"\n            height=\"20\"\n            viewBox=\"0 0 16 16\"\n            width=\"20\"\n          >\n            <path\n              d=\"M8 11a3 3 0 110-6 3 3 0 010 6zm0 1a4 4 0 100-8 4 4 0 000 8zM8 0a.5.5 0 01.5.5v2a.5.5 0 01-1 0v-2A.5.5 0 018 0zm0 13a.5.5 0 01.5.5v2a.5.5 0 01-1 0v-2A.5.5 0 018 13zm8-5a.5.5 0 01-.5.5h-2a.5.5 0 010-1h2a.5.5 0 01.5.5zM3 8a.5.5 0 01-.5.5h-2a.5.5 0 010-1h2A.5.5 0 013 8zm10.657-5.657a.5.5 0 010 .707l-1.414 1.415a.5.5 0 11-.707-.708l1.414-1.414a.5.5 0 01.707 0zm-9.193 9.193a.5.5 0 010 .707L3.05 13.657a.5.5 0 01-.707-.707l1.414-1.414a.5.5 0 01.707 0zm9.193 2.121a.5.5 0 01-.707 0l-1.414-1.414a.5.5 0 01.707-.707l1.414 1.414a.5.5 0 010 .707zM4.464 4.465a.5.5 0 01-.707 0L2.343 3.05a.5.5 0 11.707-.707l1.414 1.414a.5.5 0 010 .708z\"\n            />\n          </svg>\n        </button>\n        <a\n          class=\"chakra-link css-2yvnes\"\n          href=\"https://github.com/WorldOfTech0/WOT\"\n          rel=\"noopener noreferrer\"\n          style=\"text-decoration: none;\"\n          target=\"_blank\"\n        >\n          <button\n            aria-label=\"Code\"\n            class=\"chakra-button css-1cxguc5\"\n            type=\"button\"\n          >\n            <span\n              class=\"material-symbols-outlined\"\n              style=\"font-size: 20px;\"\n            >\n              code\n            </span>\n          </button>\n        </a>\n      </div>\n    </header>\n    <nav\n      class=\"css-1w9x71j\"\n    >\n      <div\n        class=\"css-19jgx3e\"\n      >\n        <p\n          class=\"css-15fik6v\"\n        >\n          Navigation\n        </p>\n        <div\n          class=\"css-81bkrc\"\n        />\n        <p\n          class=\"css-11nhyxh\"\n        >\n          SYSTEM LIBRARIES\n        </p>\n      </div>\n      <div\n        class=\"css-1v5akrw\"\n      >\n        <div\n          class=\"css-rtymh1\"\n        >\n          <a\n            class=\"\"\n            data-discover=\"true\"\n            href=\"/infrastructure\"\n            style=\"text-decoration: none; display: block;\"\n          >\n            <div\n              class=\"css-17zk0ji\"\n            >\n              <span\n                class=\"material-symbols-outlined\"\n                style=\"font-size: 20px; transition: all 0.3s ease;\"\n              >\n                terminal\n              </span>\n              <p\n                class=\"css-of2xjv\"\n              >\n                Infrastructure\n              </p>\n            </div>\n          </a>\n        </div>\n        <div\n          class=\"css-rtymh1\"\n        >\n          <a\n            class=\"\"\n            data-discover=\"true\"\n            href=\"/software\"\n            style=\"text-decoration: none; display: block;\"\n          >\n            <div\n              class=\"css-17zk0ji\"\n            >\n              <span\n                class=\"material-symbols-outlined\"\n                style=\"font-size: 20px; transition: all 0.3s ease;\"\n              >\n                integration_instructions\n              </span>\n              <p\n                class=\"css-of2xjv\"\n              >\n                Software\n              </p>\n            </div>\n          </a>\n        </div>\n        <div\n          class=\"css-rtymh1\"\n        >\n          <a\n            class=\"\"\n            data-discover=\"true\"\n            href=\"/security\"\n            style=\"text-decoration: none; display: block;\"\n          >\n            <div\n              class=\"css-17zk0ji\"\n            >\n              <span\n                class=\"material-symbols-outlined\"\n                style=\"font-size: 20px; transition: all 0.3s ease;\"\n              >\n                shield\n              </span>\n              <p\n                class=\"css-of2xjv\"\n              >\n                Security\n              </p>\n            </div>\n          </a>\n        </div>\n        <div\n          class=\"css-rtymh1\"\n        >\n          <a\n            class=\"\"\n            data-discover=\"true\"\n            href=\"/learning\"\n            style=\"text-decoration: none; display: block;\"\n          >\n            <div\n              class=\"css-17zk0ji\"\n            >\n              <span\n                class=\"material-symbols-outlined\"\n                style=\"font-size: 20px; transition: all 0.3s ease;\"\n              >\n                school\n              </span>\n              <p\n                class=\"css-of2xjv\"\n              >\n                Learning\n              </p>\n            </div>\n          </a>\n        </div>\n        <div\n          class=\"css-rtymh1\"\n        >\n          <a\n            class=\"\"\n            data-discover=\"true\"\n            href=\"/resources\"\n            style=\"text-decoration: none; display: block;\"\n          >\n            <div\n              class=\"css-17zk0ji\"\n            >\n              <span\n                class=\"material-symbols-outlined\"\n                style=\"font-size: 20px; transition: all 0.3s ease;\"\n              >\n                folder_zip\n              </span>\n              <p\n                class=\"css-of2xjv\"\n              >\n                Resources\n              </p>\n            </div>\n          </a>\n        </div>\n        <div\n          class=\"css-rtymh1\"\n        >\n          <a\n            class=\"\"\n            data-discover=\"true\"\n            href=\"/tools\"\n            style=\"text-decoration: none; display: block;\"\n          >\n            <div\n              class=\"css-17zk0ji\"\n            >\n              <span\n                class=\"material-symbols-outlined\"\n                style=\"font-size: 20px; transition: all 0.3s ease;\"\n              >\n                build\n              </span>\n              <p\n                class=\"css-of2xjv\"\n              >\n                Tools\n              </p>\n            </div>\n          </a>\n        </div>\n      </div>\n    </nav>\n    <main\n      class=\"css-115r48m\"\n    />\n    <footer\n      class=\"css-17y9hbq\"\n    >\n      <div\n        class=\"css-1ocneyr\"\n      >\n        <div>\n          <a\n            class=\"chakra-link css-1w9d65j\"\n            href=\"https://worldoftech.co.in\"\n            rel=\"noopener noreferrer\"\n            target=\"_blank\"\n          >\n            <p\n              class=\"css-psxnlr\"\n            >\n              WorldOfTech\n            </p>\n          </a>\n          <p\n            class=\"css-1x7du1n\"\n          >\n            Curating the finest technology resources for the modern developer elite.\n          </p>\n        </div>\n        <div\n          class=\"chakra-stack css-i5wwxt\"\n        >\n          <div\n            class=\"chakra-stack css-16p2oxl\"\n          >\n            <p\n              class=\"css-15lbfbi\"\n            >\n              Connect\n            </p>\n            <a\n              class=\"chakra-link css-klqc50\"\n              href=\"https://worldoftech.co.in\"\n              rel=\"noopener noreferrer\"\n              target=\"_blank\"\n            >\n              Website\n            </a>\n            <a\n              class=\"chakra-link css-klqc50\"\n              href=\"https://github.com/WorldOfTech0/WOT\"\n              rel=\"noopener noreferrer\"\n              target=\"_blank\"\n            >\n              GitHub\n            </a>\n            <a\n              class=\"chakra-link css-klqc50\"\n              href=\"#\"\n            >\n              Twitter\n            </a>\n          </div>\n          <div\n            class=\"chakra-stack css-16p2oxl\"\n          >\n            <p\n              class=\"css-15lbfbi\"\n            >\n              Legal\n            </p>\n            <a\n              data-discover=\"true\"\n              href=\"/privacy\"\n              style=\"text-decoration: none;\"\n            >\n              <p\n                class=\"css-15jvvgl\"\n              >\n                Privacy\n              </p>\n            </a>\n            <a\n              data-discover=\"true\"\n              href=\"/terms\"\n              style=\"text-decoration: none;\"\n            >\n              <p\n                class=\"css-15jvvgl\"\n              >\n                Terms\n              </p>\n            </a>\n          </div>\n        </div>\n      </div>\n      <div\n        class=\"css-15qeq3o\"\n      >\n        <div\n          class=\"css-1ujh7in\"\n        >\n          <p\n            class=\"css-13k715q\"\n          >\n            © 2026 WORLDOFTECH.CO.IN // ALL RIGHTS RESERVED.\n          </p>\n          <p\n            class=\"css-13k715q\"\n          >\n            STAY CURIOUS. STAY ELITE.\n          </p>\n        </div>\n      </div>\n    </footer>\n  </div>\n</div>","message":"expect(received).toMatchSnapshot()\n\nSnapshot name: `Host should render correctly 1`\n\n- Snapshot  - 80\n+ Received  + 26\n\n@@ -73,14 +73,14 @@\n            </button>\n          </a>\n        </div>\n      </header>\n      <nav\n-       class=\"css-1w9x71j\"\n+       class=\"css-1yu1kmm\"\n      >\n        <div\n-         class=\"css-19jgx3e\"\n+         class=\"css-il2wov\"\n        >\n          <p\n            class=\"css-15fik6v\"\n          >\n            Navigation\n@@ -93,141 +93,87 @@\n          >\n            SYSTEM LIBRARIES\n          </p>\n        </div>\n        <div\n-         class=\"css-1v5akrw\"\n+         class=\"css-ixqrcq\"\n        >\n          <div\n-           class=\"css-rtymh1\"\n-         >\n-           <a\n-             class=\"\"\n-             data-discover=\"true\"\n-             href=\"/infrastructure\"\n-             style=\"text-decoration: none; display: block;\"\n+           class=\"css-1pc8169\"\n          >\n-             <div\n-               class=\"css-17zk0ji\"\n-             >\n-               <span\n-                 class=\"material-symbols-outlined\"\n-                 style=\"font-size: 20px; transition: all 0.3s ease;\"\n-               >\n-                 terminal\n-               </span>\n            <p\n-                 class=\"css-of2xjv\"\n+             class=\"css-z6fwwq\"\n            >\n-                 Infrastructure\n+             Information Library\n            </p>\n-             </div>\n-           </a>\n+           <div\n+             class=\"css-1xhv3dq\"\n+           />\n          </div>\n          <div\n            class=\"css-rtymh1\"\n          >\n            <a\n              class=\"\"\n              data-discover=\"true\"\n-             href=\"/software\"\n+             href=\"/media\"\n              style=\"text-decoration: none; display: block;\"\n            >\n              <div\n-               class=\"css-17zk0ji\"\n+               class=\"css-4v5mcn\"\n              >\n                <span\n                  class=\"material-symbols-outlined\"\n                  style=\"font-size: 20px; transition: all 0.3s ease;\"\n                >\n-                 integration_instructions\n+                 movie\n                </span>\n                <p\n-                 class=\"css-of2xjv\"\n+                 class=\"css-5hra6z\"\n                >\n-                 Software\n+                 Media\n                </p>\n              </div>\n            </a>\n          </div>\n          <div\n            class=\"css-rtymh1\"\n          >\n            <a\n              class=\"\"\n              data-discover=\"true\"\n-             href=\"/security\"\n+             href=\"/ai\"\n              style=\"text-decoration: none; display: block;\"\n            >\n              <div\n-               class=\"css-17zk0ji\"\n+               class=\"css-4v5mcn\"\n              >\n                <span\n                  class=\"material-symbols-outlined\"\n                  style=\"font-size: 20px; transition: all 0.3s ease;\"\n                >\n-                 shield\n+                 psychology\n                </span>\n                <p\n-                 class=\"css-of2xjv\"\n+                 class=\"css-5hra6z\"\n                >\n-                 Security\n+                 AI\n                </p>\n              </div>\n            </a>\n          </div>\n          <div\n-           class=\"css-rtymh1\"\n+           class=\"css-1pc8169\"\n          >\n-           <a\n-             class=\"\"\n-             data-discover=\"true\"\n-             href=\"/learning\"\n-             style=\"text-decoration: none; display: block;\"\n-           >\n-             <div\n-               class=\"css-17zk0ji\"\n-             >\n-               <span\n-                 class=\"material-symbols-outlined\"\n-                 style=\"font-size: 20px; transition: all 0.3s ease;\"\n-               >\n-                 school\n-               </span>\n            <p\n-                 class=\"css-of2xjv\"\n+             class=\"css-z6fwwq\"\n            >\n-                 Learning\n+             Information Tools\n            </p>\n-             </div>\n-           </a>\n-         </div>\n            <div\n-           class=\"css-rtymh1\"\n-         >\n-           <a\n-             class=\"\"\n-             data-discover=\"true\"\n-             href=\"/resources\"\n-             style=\"text-decoration: none; display: block;\"\n-           >\n-             <div\n-               class=\"css-17zk0ji\"\n-             >\n-               <span\n-                 class=\"material-symbols-outlined\"\n-                 style=\"font-size: 20px; transition: all 0.3s ease;\"\n-               >\n-                 folder_zip\n-               </span>\n-               <p\n-                 class=\"css-of2xjv\"\n-               >\n-                 Resources\n-               </p>\n-             </div>\n-           </a>\n+             class=\"css-1xhv3dq\"\n+           />\n          </div>\n          <div\n            class=\"css-rtymh1\"\n          >\n            <a\n@@ -235,20 +181,20 @@\n              data-discover=\"true\"\n              href=\"/tools\"\n              style=\"text-decoration: none; display: block;\"\n            >\n              <div\n-               class=\"css-17zk0ji\"\n+               class=\"css-4v5mcn\"\n              >\n                <span\n                  class=\"material-symbols-outlined\"\n                  style=\"font-size: 20px; transition: all 0.3s ease;\"\n                >\n                  build\n                </span>\n                <p\n-                 class=\"css-of2xjv\"\n+                 class=\"css-5hra6z\"\n                >\n                  Tools\n                </p>\n              </div>\n            </a>","name":"toMatchSnapshot","pass":false}}],"failureMessages":["Error: expect(received).toMatchSnapshot()\n\nSnapshot name: `Host should render correctly 1`\n\n- Snapshot  - 80\n+ Received  + 26\n\n@@ -73,14 +73,14 @@\n            </button>\n          </a>\n        </div>\n      </header>\n      <nav\n-       class=\"css-1w9x71j\"\n+       class=\"css-1yu1kmm\"\n      >\n        <div\n-         class=\"css-19jgx3e\"\n+         class=\"css-il2wov\"\n        >\n          <p\n            class=\"css-15fik6v\"\n          >\n            Navigation\n@@ -93,141 +93,87 @@\n          >\n            SYSTEM LIBRARIES\n          </p>\n        </div>\n        <div\n-         class=\"css-1v5akrw\"\n+         class=\"css-ixqrcq\"\n        >\n          <div\n-           class=\"css-rtymh1\"\n-         >\n-           <a\n-             class=\"\"\n-             data-discover=\"true\"\n-             href=\"/infrastructure\"\n-             style=\"text-decoration: none; display: block;\"\n+           class=\"css-1pc8169\"\n          >\n-             <div\n-               class=\"css-17zk0ji\"\n-             >\n-               <span\n-                 class=\"material-symbols-outlined\"\n-                 style=\"font-size: 20px; transition: all 0.3s ease;\"\n-               >\n-                 terminal\n-               </span>\n            <p\n-                 class=\"css-of2xjv\"\n+             class=\"css-z6fwwq\"\n            >\n-                 Infrastructure\n+             Information Library\n            </p>\n-             </div>\n-           </a>\n+           <div\n+             class=\"css-1xhv3dq\"\n+           />\n          </div>\n          <div\n            class=\"css-rtymh1\"\n          >\n            <a\n              class=\"\"\n              data-discover=\"true\"\n-             href=\"/software\"\n+             href=\"/media\"\n              style=\"text-decoration: none; display: block;\"\n            >\n              <div\n-               class=\"css-17zk0ji\"\n+               class=\"css-4v5mcn\"\n              >\n                <span\n                  class=\"material-symbols-outlined\"\n                  style=\"font-size: 20px; transition: all 0.3s ease;\"\n                >\n-                 integration_instructions\n+                 movie\n                </span>\n                <p\n-                 class=\"css-of2xjv\"\n+                 class=\"css-5hra6z\"\n                >\n-                 Software\n+                 Media\n                </p>\n              </div>\n            </a>\n          </div>\n          <div\n            class=\"css-rtymh1\"\n          >\n            <a\n              class=\"\"\n              data-discover=\"true\"\n-             href=\"/security\"\n+             href=\"/ai\"\n              style=\"text-decoration: none; display: block;\"\n            >\n              <div\n-               class=\"css-17zk0ji\"\n+               class=\"css-4v5mcn\"\n              >\n                <span\n                  class=\"material-symbols-outlined\"\n                  style=\"font-size: 20px; transition: all 0.3s ease;\"\n                >\n-                 shield\n+                 psychology\n                </span>\n                <p\n-                 class=\"css-of2xjv\"\n+                 class=\"css-5hra6z\"\n                >\n-                 Security\n+                 AI\n                </p>\n              </div>\n            </a>\n          </div>\n          <div\n-           class=\"css-rtymh1\"\n+           class=\"css-1pc8169\"\n          >\n-           <a\n-             class=\"\"\n-             data-discover=\"true\"\n-             href=\"/learning\"\n-             style=\"text-decoration: none; display: block;\"\n-           >\n-             <div\n-               class=\"css-17zk0ji\"\n-             >\n-               <span\n-                 class=\"material-symbols-outlined\"\n-                 style=\"font-size: 20px; transition: all 0.3s ease;\"\n-               >\n-                 school\n-               </span>\n            <p\n-                 class=\"css-of2xjv\"\n+             class=\"css-z6fwwq\"\n            >\n-                 Learning\n+             Information Tools\n            </p>\n-             </div>\n-           </a>\n-         </div>\n            <div\n-           class=\"css-rtymh1\"\n-         >\n-           <a\n-             class=\"\"\n-             data-discover=\"true\"\n-             href=\"/resources\"\n-             style=\"text-decoration: none; display: block;\"\n-           >\n-             <div\n-               class=\"css-17zk0ji\"\n-             >\n-               <span\n-                 class=\"material-symbols-outlined\"\n-                 style=\"font-size: 20px; transition: all 0.3s ease;\"\n-               >\n-                 folder_zip\n-               </span>\n-               <p\n-                 class=\"css-of2xjv\"\n-               >\n-                 Resources\n-               </p>\n-             </div>\n-           </a>\n+             class=\"css-1xhv3dq\"\n+           />\n          </div>\n          <div\n            class=\"css-rtymh1\"\n          >\n            <a\n@@ -235,20 +181,20 @@\n              data-discover=\"true\"\n              href=\"/tools\"\n              style=\"text-decoration: none; display: block;\"\n            >\n              <div\n-               class=\"css-17zk0ji\"\n+               class=\"css-4v5mcn\"\n              >\n                <span\n                  class=\"material-symbols-outlined\"\n                  style=\"font-size: 20px; transition: all 0.3s ease;\"\n                >\n                  build\n                </span>\n                <p\n-                 class=\"css-of2xjv\"\n+                 class=\"css-5hra6z\"\n                >\n                  Tools\n                </p>\n              </div>\n            </a>\n    at Object.<anonymous> (/Users/mr.robot/z-stash/WorldOfTech/WOT/src/screens/Host/__tests__/Host.test.tsx:7:23)\n    at Promise.then.completed (/Users/mr.robot/z-stash/WorldOfTech/WOT/node_modules/jest-circus/build/utils.js:298:28)\n    at new Promise (<anonymous>)\n    at callAsyncCircusFn (/Users/mr.robot/z-stash/WorldOfTech/WOT/node_modules/jest-circus/build/utils.js:231:10)\n    at _callCircusTest (/Users/mr.robot/z-stash/WorldOfTech/WOT/node_modules/jest-circus/build/run.js:316:40)\n    at processTicksAndRejections (node:internal/process/task_queues:95:5)\n    at _runTest (/Users/mr.robot/z-stash/WorldOfTech/WOT/node_modules/jest-circus/build/run.js:252:3)\n    at _runTestsForDescribeBlock (/Users/mr.robot/z-stash/WorldOfTech/WOT/node_modules/jest-circus/build/run.js:126:9)\n    at _runTestsForDescribeBlock (/Users/mr.robot/z-stash/WorldOfTech/WOT/node_modules/jest-circus/build/run.js:121:9)\n    at run (/Users/mr.robot/z-stash/WorldOfTech/WOT/node_modules/jest-circus/build/run.js:71:3)\n    at runAndTransformResultsToJestFormat (/Users/mr.robot/z-stash/WorldOfTech/WOT/node_modules/jest-circus/build/legacy-code-todo-rewrite/jestAdapterInit.js:122:21)\n    at jestAdapter (/Users/mr.robot/z-stash/WorldOfTech/WOT/node_modules/jest-circus/build/legacy-code-todo-rewrite/jestAdapter.js:79:19)\n    at runTestInternal (/Users/mr.robot/z-stash/WorldOfTech/WOT/node_modules/jest-runner/build/runTest.js:367:16)\n    at runTest (/Users/mr.robot/z-stash/WorldOfTech/WOT/node_modules/jest-runner/build/runTest.js:444:34)\n    at Object.worker (/Users/mr.robot/z-stash/WorldOfTech/WOT/node_modules/jest-runner/build/testWorker.js:106:12)"],"fullName":"Host should render correctly","invocations":1,"location":null,"numPassingAsserts":0,"retryReasons":[],"status":"failed","title":"should render correctly"}],"endTime":1778778591061,"message":"  ● Host › should render correctly\n\n    expect(received).toMatchSnapshot()\n\n    Snapshot name: `Host should render correctly 1`\n\n    - Snapshot  - 80\n    + Received  + 26\n\n    @@ -73,14 +73,14 @@\n                </button>\n              </a>\n            </div>\n          </header>\n          <nav\n    -       class=\"css-1w9x71j\"\n    +       class=\"css-1yu1kmm\"\n          >\n            <div\n    -         class=\"css-19jgx3e\"\n    +         class=\"css-il2wov\"\n            >\n              <p\n                class=\"css-15fik6v\"\n              >\n                Navigation\n    @@ -93,141 +93,87 @@\n              >\n                SYSTEM LIBRARIES\n              </p>\n            </div>\n            <div\n    -         class=\"css-1v5akrw\"\n    +         class=\"css-ixqrcq\"\n            >\n              <div\n    -           class=\"css-rtymh1\"\n    -         >\n    -           <a\n    -             class=\"\"\n    -             data-discover=\"true\"\n    -             href=\"/infrastructure\"\n    -             style=\"text-decoration: none; display: block;\"\n    +           class=\"css-1pc8169\"\n              >\n    -             <div\n    -               class=\"css-17zk0ji\"\n    -             >\n    -               <span\n    -                 class=\"material-symbols-outlined\"\n    -                 style=\"font-size: 20px; transition: all 0.3s ease;\"\n    -               >\n    -                 terminal\n    -               </span>\n                <p\n    -                 class=\"css-of2xjv\"\n    +             class=\"css-z6fwwq\"\n                >\n    -                 Infrastructure\n    +             Information Library\n                </p>\n    -             </div>\n    -           </a>\n    +           <div\n    +             class=\"css-1xhv3dq\"\n    +           />\n              </div>\n              <div\n                class=\"css-rtymh1\"\n              >\n                <a\n                  class=\"\"\n                  data-discover=\"true\"\n    -             href=\"/software\"\n    +             href=\"/media\"\n                  style=\"text-decoration: none; display: block;\"\n                >\n                  <div\n    -               class=\"css-17zk0ji\"\n    +               class=\"css-4v5mcn\"\n                  >\n                    <span\n                      class=\"material-symbols-outlined\"\n                      style=\"font-size: 20px; transition: all 0.3s ease;\"\n                    >\n    -                 integration_instructions\n    +                 movie\n                    </span>\n                    <p\n    -                 class=\"css-of2xjv\"\n    +                 class=\"css-5hra6z\"\n                    >\n    -                 Software\n    +                 Media\n                    </p>\n                  </div>\n                </a>\n              </div>\n              <div\n                class=\"css-rtymh1\"\n              >\n                <a\n                  class=\"\"\n                  data-discover=\"true\"\n    -             href=\"/security\"\n    +             href=\"/ai\"\n                  style=\"text-decoration: none; display: block;\"\n                >\n                  <div\n    -               class=\"css-17zk0ji\"\n    +               class=\"css-4v5mcn\"\n                  >\n                    <span\n                      class=\"material-symbols-outlined\"\n                      style=\"font-size: 20px; transition: all 0.3s ease;\"\n                    >\n    -                 shield\n    +                 psychology\n                    </span>\n                    <p\n    -                 class=\"css-of2xjv\"\n    +                 class=\"css-5hra6z\"\n                    >\n    -                 Security\n    +                 AI\n                    </p>\n                  </div>\n                </a>\n              </div>\n              <div\n    -           class=\"css-rtymh1\"\n    +           class=\"css-1pc8169\"\n              >\n    -           <a\n    -             class=\"\"\n    -             data-discover=\"true\"\n    -             href=\"/learning\"\n    -             style=\"text-decoration: none; display: block;\"\n    -           >\n    -             <div\n    -               class=\"css-17zk0ji\"\n    -             >\n    -               <span\n    -                 class=\"material-symbols-outlined\"\n    -                 style=\"font-size: 20px; transition: all 0.3s ease;\"\n    -               >\n    -                 school\n    -               </span>\n                <p\n    -                 class=\"css-of2xjv\"\n    +             class=\"css-z6fwwq\"\n                >\n    -                 Learning\n    +             Information Tools\n                </p>\n    -             </div>\n    -           </a>\n    -         </div>\n                <div\n    -           class=\"css-rtymh1\"\n    -         >\n    -           <a\n    -             class=\"\"\n    -             data-discover=\"true\"\n    -             href=\"/resources\"\n    -             style=\"text-decoration: none; display: block;\"\n    -           >\n    -             <div\n    -               class=\"css-17zk0ji\"\n    -             >\n    -               <span\n    -                 class=\"material-symbols-outlined\"\n    -                 style=\"font-size: 20px; transition: all 0.3s ease;\"\n    -               >\n    -                 folder_zip\n    -               </span>\n    -               <p\n    -                 class=\"css-of2xjv\"\n    -               >\n    -                 Resources\n    -               </p>\n    -             </div>\n    -           </a>\n    +             class=\"css-1xhv3dq\"\n    +           />\n              </div>\n              <div\n                class=\"css-rtymh1\"\n              >\n                <a\n    @@ -235,20 +181,20 @@\n                  data-discover=\"true\"\n                  href=\"/tools\"\n                  style=\"text-decoration: none; display: block;\"\n                >\n                  <div\n    -               class=\"css-17zk0ji\"\n    +               class=\"css-4v5mcn\"\n                  >\n                    <span\n                      class=\"material-symbols-outlined\"\n                      style=\"font-size: 20px; transition: all 0.3s ease;\"\n                    >\n                      build\n                    </span>\n                    <p\n    -                 class=\"css-of2xjv\"\n    +                 class=\"css-5hra6z\"\n                    >\n                      Tools\n                    </p>\n                  </div>\n                </a>\n\n       5 |   it('should render correctly', () => {\n       6 |     const { container } = renderWithRouter(<Host />);\n    >  7 |     expect(container).toMatchSnapshot();\n         |                       ^\n       8 |   });\n       9 | });\n      10 |\n\n      at Object.<anonymous> (src/screens/Host/__tests__/Host.test.tsx:7:23)\n","name":"/Users/mr.robot/z-stash/WorldOfTech/WOT/src/screens/Host/__tests__/Host.test.tsx","startTime":1778778588390,"status":"failed","summary":""},{"assertionResults":[{"ancestorTitles":["SideNavBar"],"duration":118,"failureDetails":[{"matcherResult":{"actual":"<div>\n  <nav\n    class=\"css-1yu1kmm\"\n  >\n    <div\n      class=\"css-il2wov\"\n    >\n      <p\n        class=\"css-15fik6v\"\n      >\n        Navigation\n      </p>\n      <div\n        class=\"css-81bkrc\"\n      />\n      <p\n        class=\"css-11nhyxh\"\n      >\n        SYSTEM LIBRARIES\n      </p>\n    </div>\n    <div\n      class=\"css-ixqrcq\"\n    >\n      <div\n        class=\"css-1pc8169\"\n      >\n        <p\n          class=\"css-z6fwwq\"\n        >\n          Information Library\n        </p>\n        <div\n          class=\"css-1xhv3dq\"\n        />\n      </div>\n      <div\n        class=\"css-rtymh1\"\n      >\n        <a\n          class=\"\"\n          data-discover=\"true\"\n          href=\"/media\"\n          style=\"text-decoration: none; display: block;\"\n        >\n          <div\n            class=\"css-4v5mcn\"\n          >\n            <span\n              class=\"material-symbols-outlined\"\n              style=\"font-size: 20px; transition: all 0.3s ease;\"\n            >\n              movie\n            </span>\n            <p\n              class=\"css-5hra6z\"\n            >\n              Media\n            </p>\n          </div>\n        </a>\n      </div>\n      <div\n        class=\"css-rtymh1\"\n      >\n        <a\n          class=\"\"\n          data-discover=\"true\"\n          href=\"/ai\"\n          style=\"text-decoration: none; display: block;\"\n        >\n          <div\n            class=\"css-4v5mcn\"\n          >\n            <span\n              class=\"material-symbols-outlined\"\n              style=\"font-size: 20px; transition: all 0.3s ease;\"\n            >\n              psychology\n            </span>\n            <p\n              class=\"css-5hra6z\"\n            >\n              AI\n            </p>\n          </div>\n        </a>\n      </div>\n      <div\n        class=\"css-1pc8169\"\n      >\n        <p\n          class=\"css-z6fwwq\"\n        >\n          Information Tools\n        </p>\n        <div\n          class=\"css-1xhv3dq\"\n        />\n      </div>\n      <div\n        class=\"css-rtymh1\"\n      >\n        <a\n          class=\"\"\n          data-discover=\"true\"\n          href=\"/tools\"\n          style=\"text-decoration: none; display: block;\"\n        >\n          <div\n            class=\"css-4v5mcn\"\n          >\n            <span\n              class=\"material-symbols-outlined\"\n              style=\"font-size: 20px; transition: all 0.3s ease;\"\n            >\n              build\n            </span>\n            <p\n              class=\"css-5hra6z\"\n            >\n              Tools\n            </p>\n          </div>\n        </a>\n      </div>\n    </div>\n  </nav>\n</div>","expected":"<div>\n  <nav\n    class=\"css-1w9x71j\"\n  >\n    <div\n      class=\"css-19jgx3e\"\n    >\n      <p\n        class=\"css-15fik6v\"\n      >\n        Navigation\n      </p>\n      <div\n        class=\"css-81bkrc\"\n      />\n      <p\n        class=\"css-11nhyxh\"\n      >\n        SYSTEM LIBRARIES\n      </p>\n    </div>\n    <div\n      class=\"css-1v5akrw\"\n    >\n      <div\n        class=\"css-rtymh1\"\n      >\n        <a\n          class=\"\"\n          data-discover=\"true\"\n          href=\"/infrastructure\"\n          style=\"text-decoration: none; display: block;\"\n        >\n          <div\n            class=\"css-17zk0ji\"\n          >\n            <span\n              class=\"material-symbols-outlined\"\n              style=\"font-size: 20px; transition: all 0.3s ease;\"\n            >\n              terminal\n            </span>\n            <p\n              class=\"css-of2xjv\"\n            >\n              Infrastructure\n            </p>\n          </div>\n        </a>\n      </div>\n      <div\n        class=\"css-rtymh1\"\n      >\n        <a\n          class=\"\"\n          data-discover=\"true\"\n          href=\"/software\"\n          style=\"text-decoration: none; display: block;\"\n        >\n          <div\n            class=\"css-17zk0ji\"\n          >\n            <span\n              class=\"material-symbols-outlined\"\n              style=\"font-size: 20px; transition: all 0.3s ease;\"\n            >\n              integration_instructions\n            </span>\n            <p\n              class=\"css-of2xjv\"\n            >\n              Software\n            </p>\n          </div>\n        </a>\n      </div>\n      <div\n        class=\"css-rtymh1\"\n      >\n        <a\n          class=\"\"\n          data-discover=\"true\"\n          href=\"/security\"\n          style=\"text-decoration: none; display: block;\"\n        >\n          <div\n            class=\"css-17zk0ji\"\n          >\n            <span\n              class=\"material-symbols-outlined\"\n              style=\"font-size: 20px; transition: all 0.3s ease;\"\n            >\n              shield\n            </span>\n            <p\n              class=\"css-of2xjv\"\n            >\n              Security\n            </p>\n          </div>\n        </a>\n      </div>\n      <div\n        class=\"css-rtymh1\"\n      >\n        <a\n          class=\"\"\n          data-discover=\"true\"\n          href=\"/learning\"\n          style=\"text-decoration: none; display: block;\"\n        >\n          <div\n            class=\"css-17zk0ji\"\n          >\n            <span\n              class=\"material-symbols-outlined\"\n              style=\"font-size: 20px; transition: all 0.3s ease;\"\n            >\n              school\n            </span>\n            <p\n              class=\"css-of2xjv\"\n            >\n              Learning\n            </p>\n          </div>\n        </a>\n      </div>\n      <div\n        class=\"css-rtymh1\"\n      >\n        <a\n          class=\"\"\n          data-discover=\"true\"\n          href=\"/resources\"\n          style=\"text-decoration: none; display: block;\"\n        >\n          <div\n            class=\"css-17zk0ji\"\n          >\n            <span\n              class=\"material-symbols-outlined\"\n              style=\"font-size: 20px; transition: all 0.3s ease;\"\n            >\n              folder_zip\n            </span>\n            <p\n              class=\"css-of2xjv\"\n            >\n              Resources\n            </p>\n          </div>\n        </a>\n      </div>\n      <div\n        class=\"css-rtymh1\"\n      >\n        <a\n          class=\"\"\n          data-discover=\"true\"\n          href=\"/tools\"\n          style=\"text-decoration: none; display: block;\"\n        >\n          <div\n            class=\"css-17zk0ji\"\n          >\n            <span\n              class=\"material-symbols-outlined\"\n              style=\"font-size: 20px; transition: all 0.3s ease;\"\n            >\n              build\n            </span>\n            <p\n              class=\"css-of2xjv\"\n            >\n              Tools\n            </p>\n          </div>\n        </a>\n      </div>\n    </div>\n  </nav>\n</div>","message":"expect(received).toMatchSnapshot()\n\nSnapshot name: `SideNavBar should render correctly in default state 1`\n\n- Snapshot  - 80\n+ Received  + 26\n\n@@ -1,11 +1,11 @@\n  <div>\n    <nav\n-     class=\"css-1w9x71j\"\n+     class=\"css-1yu1kmm\"\n    >\n      <div\n-       class=\"css-19jgx3e\"\n+       class=\"css-il2wov\"\n      >\n        <p\n          class=\"css-15fik6v\"\n        >\n          Navigation\n@@ -18,141 +18,87 @@\n        >\n          SYSTEM LIBRARIES\n        </p>\n      </div>\n      <div\n-       class=\"css-1v5akrw\"\n+       class=\"css-ixqrcq\"\n      >\n        <div\n-         class=\"css-rtymh1\"\n-       >\n-         <a\n-           class=\"\"\n-           data-discover=\"true\"\n-           href=\"/infrastructure\"\n-           style=\"text-decoration: none; display: block;\"\n+         class=\"css-1pc8169\"\n        >\n-           <div\n-             class=\"css-17zk0ji\"\n-           >\n-             <span\n-               class=\"material-symbols-outlined\"\n-               style=\"font-size: 20px; transition: all 0.3s ease;\"\n-             >\n-               terminal\n-             </span>\n          <p\n-               class=\"css-of2xjv\"\n+           class=\"css-z6fwwq\"\n          >\n-               Infrastructure\n+           Information Library\n          </p>\n-           </div>\n-         </a>\n+         <div\n+           class=\"css-1xhv3dq\"\n+         />\n        </div>\n        <div\n          class=\"css-rtymh1\"\n        >\n          <a\n            class=\"\"\n            data-discover=\"true\"\n-           href=\"/software\"\n+           href=\"/media\"\n            style=\"text-decoration: none; display: block;\"\n          >\n            <div\n-             class=\"css-17zk0ji\"\n+             class=\"css-4v5mcn\"\n            >\n              <span\n                class=\"material-symbols-outlined\"\n                style=\"font-size: 20px; transition: all 0.3s ease;\"\n              >\n-               integration_instructions\n+               movie\n              </span>\n              <p\n-               class=\"css-of2xjv\"\n+               class=\"css-5hra6z\"\n              >\n-               Software\n+               Media\n              </p>\n            </div>\n          </a>\n        </div>\n        <div\n          class=\"css-rtymh1\"\n        >\n          <a\n            class=\"\"\n            data-discover=\"true\"\n-           href=\"/security\"\n+           href=\"/ai\"\n            style=\"text-decoration: none; display: block;\"\n          >\n            <div\n-             class=\"css-17zk0ji\"\n+             class=\"css-4v5mcn\"\n            >\n              <span\n                class=\"material-symbols-outlined\"\n                style=\"font-size: 20px; transition: all 0.3s ease;\"\n              >\n-               shield\n+               psychology\n              </span>\n              <p\n-               class=\"css-of2xjv\"\n+               class=\"css-5hra6z\"\n              >\n-               Security\n+               AI\n              </p>\n            </div>\n          </a>\n        </div>\n        <div\n-         class=\"css-rtymh1\"\n+         class=\"css-1pc8169\"\n        >\n-         <a\n-           class=\"\"\n-           data-discover=\"true\"\n-           href=\"/learning\"\n-           style=\"text-decoration: none; display: block;\"\n-         >\n-           <div\n-             class=\"css-17zk0ji\"\n-           >\n-             <span\n-               class=\"material-symbols-outlined\"\n-               style=\"font-size: 20px; transition: all 0.3s ease;\"\n-             >\n-               school\n-             </span>\n          <p\n-               class=\"css-of2xjv\"\n+           class=\"css-z6fwwq\"\n          >\n-               Learning\n+           Information Tools\n          </p>\n-           </div>\n-         </a>\n-       </div>\n          <div\n-         class=\"css-rtymh1\"\n-       >\n-         <a\n-           class=\"\"\n-           data-discover=\"true\"\n-           href=\"/resources\"\n-           style=\"text-decoration: none; display: block;\"\n-         >\n-           <div\n-             class=\"css-17zk0ji\"\n-           >\n-             <span\n-               class=\"material-symbols-outlined\"\n-               style=\"font-size: 20px; transition: all 0.3s ease;\"\n-             >\n-               folder_zip\n-             </span>\n-             <p\n-               class=\"css-of2xjv\"\n-             >\n-               Resources\n-             </p>\n-           </div>\n-         </a>\n+           class=\"css-1xhv3dq\"\n+         />\n        </div>\n        <div\n          class=\"css-rtymh1\"\n        >\n          <a\n@@ -160,20 +106,20 @@\n            data-discover=\"true\"\n            href=\"/tools\"\n            style=\"text-decoration: none; display: block;\"\n          >\n            <div\n-             class=\"css-17zk0ji\"\n+             class=\"css-4v5mcn\"\n            >\n              <span\n                class=\"material-symbols-outlined\"\n                style=\"font-size: 20px; transition: all 0.3s ease;\"\n              >\n                build\n              </span>\n              <p\n-               class=\"css-of2xjv\"\n+               class=\"css-5hra6z\"\n              >\n                Tools\n              </p>\n            </div>\n          </a>","name":"toMatchSnapshot","pass":false}}],"failureMessages":["Error: expect(received).toMatchSnapshot()\n\nSnapshot name: `SideNavBar should render correctly in default state 1`\n\n- Snapshot  - 80\n+ Received  + 26\n\n@@ -1,11 +1,11 @@\n  <div>\n    <nav\n-     class=\"css-1w9x71j\"\n+     class=\"css-1yu1kmm\"\n    >\n      <div\n-       class=\"css-19jgx3e\"\n+       class=\"css-il2wov\"\n      >\n        <p\n          class=\"css-15fik6v\"\n        >\n          Navigation\n@@ -18,141 +18,87 @@\n        >\n          SYSTEM LIBRARIES\n        </p>\n      </div>\n      <div\n-       class=\"css-1v5akrw\"\n+       class=\"css-ixqrcq\"\n      >\n        <div\n-         class=\"css-rtymh1\"\n-       >\n-         <a\n-           class=\"\"\n-           data-discover=\"true\"\n-           href=\"/infrastructure\"\n-           style=\"text-decoration: none; display: block;\"\n+         class=\"css-1pc8169\"\n        >\n-           <div\n-             class=\"css-17zk0ji\"\n-           >\n-             <span\n-               class=\"material-symbols-outlined\"\n-               style=\"font-size: 20px; transition: all 0.3s ease;\"\n-             >\n-               terminal\n-             </span>\n          <p\n-               class=\"css-of2xjv\"\n+           class=\"css-z6fwwq\"\n          >\n-               Infrastructure\n+           Information Library\n          </p>\n-           </div>\n-         </a>\n+         <div\n+           class=\"css-1xhv3dq\"\n+         />\n        </div>\n        <div\n          class=\"css-rtymh1\"\n        >\n          <a\n            class=\"\"\n            data-discover=\"true\"\n-           href=\"/software\"\n+           href=\"/media\"\n            style=\"text-decoration: none; display: block;\"\n          >\n            <div\n-             class=\"css-17zk0ji\"\n+             class=\"css-4v5mcn\"\n            >\n              <span\n                class=\"material-symbols-outlined\"\n                style=\"font-size: 20px; transition: all 0.3s ease;\"\n              >\n-               integration_instructions\n+               movie\n              </span>\n              <p\n-               class=\"css-of2xjv\"\n+               class=\"css-5hra6z\"\n              >\n-               Software\n+               Media\n              </p>\n            </div>\n          </a>\n        </div>\n        <div\n          class=\"css-rtymh1\"\n        >\n          <a\n            class=\"\"\n            data-discover=\"true\"\n-           href=\"/security\"\n+           href=\"/ai\"\n            style=\"text-decoration: none; display: block;\"\n          >\n            <div\n-             class=\"css-17zk0ji\"\n+             class=\"css-4v5mcn\"\n            >\n              <span\n                class=\"material-symbols-outlined\"\n                style=\"font-size: 20px; transition: all 0.3s ease;\"\n              >\n-               shield\n+               psychology\n              </span>\n              <p\n-               class=\"css-of2xjv\"\n+               class=\"css-5hra6z\"\n              >\n-               Security\n+               AI\n              </p>\n            </div>\n          </a>\n        </div>\n        <div\n-         class=\"css-rtymh1\"\n+         class=\"css-1pc8169\"\n        >\n-         <a\n-           class=\"\"\n-           data-discover=\"true\"\n-           href=\"/learning\"\n-           style=\"text-decoration: none; display: block;\"\n-         >\n-           <div\n-             class=\"css-17zk0ji\"\n-           >\n-             <span\n-               class=\"material-symbols-outlined\"\n-               style=\"font-size: 20px; transition: all 0.3s ease;\"\n-             >\n-               school\n-             </span>\n          <p\n-               class=\"css-of2xjv\"\n+           class=\"css-z6fwwq\"\n          >\n-               Learning\n+           Information Tools\n          </p>\n-           </div>\n-         </a>\n-       </div>\n          <div\n-         class=\"css-rtymh1\"\n-       >\n-         <a\n-           class=\"\"\n-           data-discover=\"true\"\n-           href=\"/resources\"\n-           style=\"text-decoration: none; display: block;\"\n-         >\n-           <div\n-             class=\"css-17zk0ji\"\n-           >\n-             <span\n-               class=\"material-symbols-outlined\"\n-               style=\"font-size: 20px; transition: all 0.3s ease;\"\n-             >\n-               folder_zip\n-             </span>\n-             <p\n-               class=\"css-of2xjv\"\n-             >\n-               Resources\n-             </p>\n-           </div>\n-         </a>\n+           class=\"css-1xhv3dq\"\n+         />\n        </div>\n        <div\n          class=\"css-rtymh1\"\n        >\n          <a\n@@ -160,20 +106,20 @@\n            data-discover=\"true\"\n            href=\"/tools\"\n            style=\"text-decoration: none; display: block;\"\n          >\n            <div\n-             class=\"css-17zk0ji\"\n+             class=\"css-4v5mcn\"\n            >\n              <span\n                class=\"material-symbols-outlined\"\n                style=\"font-size: 20px; transition: all 0.3s ease;\"\n              >\n                build\n              </span>\n              <p\n-               class=\"css-of2xjv\"\n+               class=\"css-5hra6z\"\n              >\n                Tools\n              </p>\n            </div>\n          </a>\n    at Object.<anonymous> (/Users/mr.robot/z-stash/WorldOfTech/WOT/src/components/Shell/SideNavBar/__tests__/SideNavBar.test.tsx:20:23)\n    at Promise.then.completed (/Users/mr.robot/z-stash/WorldOfTech/WOT/node_modules/jest-circus/build/utils.js:298:28)\n    at new Promise (<anonymous>)\n    at callAsyncCircusFn (/Users/mr.robot/z-stash/WorldOfTech/WOT/node_modules/jest-circus/build/utils.js:231:10)\n    at _callCircusTest (/Users/mr.robot/z-stash/WorldOfTech/WOT/node_modules/jest-circus/build/run.js:316:40)\n    at processTicksAndRejections (node:internal/process/task_queues:95:5)\n    at _runTest (/Users/mr.robot/z-stash/WorldOfTech/WOT/node_modules/jest-circus/build/run.js:252:3)\n    at _runTestsForDescribeBlock (/Users/mr.robot/z-stash/WorldOfTech/WOT/node_modules/jest-circus/build/run.js:126:9)\n    at _runTestsForDescribeBlock (/Users/mr.robot/z-stash/WorldOfTech/WOT/node_modules/jest-circus/build/run.js:121:9)\n    at run (/Users/mr.robot/z-stash/WorldOfTech/WOT/node_modules/jest-circus/build/run.js:71:3)\n    at runAndTransformResultsToJestFormat (/Users/mr.robot/z-stash/WorldOfTech/WOT/node_modules/jest-circus/build/legacy-code-todo-rewrite/jestAdapterInit.js:122:21)\n    at jestAdapter (/Users/mr.robot/z-stash/WorldOfTech/WOT/node_modules/jest-circus/build/legacy-code-todo-rewrite/jestAdapter.js:79:19)\n    at runTestInternal (/Users/mr.robot/z-stash/WorldOfTech/WOT/node_modules/jest-runner/build/runTest.js:367:16)\n    at runTest (/Users/mr.robot/z-stash/WorldOfTech/WOT/node_modules/jest-runner/build/runTest.js:444:34)\n    at Object.worker (/Users/mr.robot/z-stash/WorldOfTech/WOT/node_modules/jest-runner/build/testWorker.js:106:12)"],"fullName":"SideNavBar should render correctly in default state","invocations":1,"location":null,"numPassingAsserts":0,"retryReasons":[],"status":"failed","title":"should render correctly in default state"},{"ancestorTitles":["SideNavBar"],"duration":92,"failureDetails":[{"matcherResult":{"actual":"<div>\n  <nav\n    class=\"css-l4hv4g\"\n  >\n    <div\n      class=\"css-ixqrcq\"\n    >\n      <div\n        class=\"css-150m7z3\"\n      >\n        <a\n          class=\"\"\n          data-discover=\"true\"\n          href=\"/media\"\n          style=\"text-decoration: none; display: block;\"\n        >\n          <div\n            class=\"css-r7jz06\"\n          >\n            <span\n              class=\"material-symbols-outlined\"\n              style=\"font-size: 20px; transition: all 0.3s ease;\"\n            >\n              movie\n            </span>\n            <p\n              class=\"css-1dudv4b\"\n            >\n              Media\n            </p>\n          </div>\n        </a>\n      </div>\n      <div\n        class=\"css-150m7z3\"\n      >\n        <a\n          class=\"\"\n          data-discover=\"true\"\n          href=\"/ai\"\n          style=\"text-decoration: none; display: block;\"\n        >\n          <div\n            class=\"css-r7jz06\"\n          >\n            <span\n              class=\"material-symbols-outlined\"\n              style=\"font-size: 20px; transition: all 0.3s ease;\"\n            >\n              psychology\n            </span>\n            <p\n              class=\"css-1dudv4b\"\n            >\n              AI\n            </p>\n          </div>\n        </a>\n      </div>\n      <div\n        class=\"css-150m7z3\"\n      >\n        <a\n          class=\"\"\n          data-discover=\"true\"\n          href=\"/tools\"\n          style=\"text-decoration: none; display: block;\"\n        >\n          <div\n            class=\"css-r7jz06\"\n          >\n            <span\n              class=\"material-symbols-outlined\"\n              style=\"font-size: 20px; transition: all 0.3s ease;\"\n            >\n              build\n            </span>\n            <p\n              class=\"css-1dudv4b\"\n            >\n              Tools\n            </p>\n          </div>\n        </a>\n      </div>\n    </div>\n  </nav>\n</div>","expected":"<div>\n  <nav\n    class=\"css-zew14h\"\n  >\n    <div\n      class=\"css-1v5akrw\"\n    >\n      <div\n        class=\"css-150m7z3\"\n      >\n        <a\n          class=\"\"\n          data-discover=\"true\"\n          href=\"/infrastructure\"\n          style=\"text-decoration: none; display: block;\"\n        >\n          <div\n            class=\"css-r7jz06\"\n          >\n            <span\n              class=\"material-symbols-outlined\"\n              style=\"font-size: 20px; transition: all 0.3s ease;\"\n            >\n              terminal\n            </span>\n            <p\n              class=\"css-1dudv4b\"\n            >\n              Infrastructure\n            </p>\n          </div>\n        </a>\n      </div>\n      <div\n        class=\"css-150m7z3\"\n      >\n        <a\n          aria-current=\"page\"\n          class=\"active\"\n          data-discover=\"true\"\n          href=\"/software\"\n          style=\"text-decoration: none; display: block;\"\n        >\n          <div\n            class=\"css-1tbf82h\"\n          >\n            <span\n              class=\"material-symbols-outlined\"\n              style=\"font-size: 20px; font-variation-settings: 'FILL' 1; transition: all 0.3s ease;\"\n            >\n              integration_instructions\n            </span>\n            <p\n              class=\"css-1q0f2tm\"\n            >\n              Software\n            </p>\n          </div>\n        </a>\n      </div>\n      <div\n        class=\"css-150m7z3\"\n      >\n        <a\n          class=\"\"\n          data-discover=\"true\"\n          href=\"/security\"\n          style=\"text-decoration: none; display: block;\"\n        >\n          <div\n            class=\"css-r7jz06\"\n          >\n            <span\n              class=\"material-symbols-outlined\"\n              style=\"font-size: 20px; transition: all 0.3s ease;\"\n            >\n              shield\n            </span>\n            <p\n              class=\"css-1dudv4b\"\n            >\n              Security\n            </p>\n          </div>\n        </a>\n      </div>\n      <div\n        class=\"css-150m7z3\"\n      >\n        <a\n          class=\"\"\n          data-discover=\"true\"\n          href=\"/learning\"\n          style=\"text-decoration: none; display: block;\"\n        >\n          <div\n            class=\"css-r7jz06\"\n          >\n            <span\n              class=\"material-symbols-outlined\"\n              style=\"font-size: 20px; transition: all 0.3s ease;\"\n            >\n              school\n            </span>\n            <p\n              class=\"css-1dudv4b\"\n            >\n              Learning\n            </p>\n          </div>\n        </a>\n      </div>\n      <div\n        class=\"css-150m7z3\"\n      >\n        <a\n          class=\"\"\n          data-discover=\"true\"\n          href=\"/resources\"\n          style=\"text-decoration: none; display: block;\"\n        >\n          <div\n            class=\"css-r7jz06\"\n          >\n            <span\n              class=\"material-symbols-outlined\"\n              style=\"font-size: 20px; transition: all 0.3s ease;\"\n            >\n              folder_zip\n            </span>\n            <p\n              class=\"css-1dudv4b\"\n            >\n              Resources\n            </p>\n          </div>\n        </a>\n      </div>\n      <div\n        class=\"css-150m7z3\"\n      >\n        <a\n          class=\"\"\n          data-discover=\"true\"\n          href=\"/tools\"\n          style=\"text-decoration: none; display: block;\"\n        >\n          <div\n            class=\"css-r7jz06\"\n          >\n            <span\n              class=\"material-symbols-outlined\"\n              style=\"font-size: 20px; transition: all 0.3s ease;\"\n            >\n              build\n            </span>\n            <p\n              class=\"css-1dudv4b\"\n            >\n              Tools\n            </p>\n          </div>\n        </a>\n      </div>\n    </div>\n  </nav>\n</div>","message":"expect(received).toMatchSnapshot()\n\nSnapshot name: `SideNavBar should render collapsed in subcategory route 1`\n\n- Snapshot  - 87\n+ Received  +  8\n\n@@ -1,139 +1,60 @@\n  <div>\n    <nav\n-     class=\"css-zew14h\"\n-   >\n-     <div\n-       class=\"css-1v5akrw\"\n-     >\n-       <div\n-         class=\"css-150m7z3\"\n-       >\n-         <a\n-           class=\"\"\n-           data-discover=\"true\"\n-           href=\"/infrastructure\"\n-           style=\"text-decoration: none; display: block;\"\n-         >\n-           <div\n-             class=\"css-r7jz06\"\n-           >\n-             <span\n-               class=\"material-symbols-outlined\"\n-               style=\"font-size: 20px; transition: all 0.3s ease;\"\n-             >\n-               terminal\n-             </span>\n-             <p\n-               class=\"css-1dudv4b\"\n-             >\n-               Infrastructure\n-             </p>\n-           </div>\n-         </a>\n-       </div>\n-       <div\n-         class=\"css-150m7z3\"\n-       >\n-         <a\n-           aria-current=\"page\"\n-           class=\"active\"\n-           data-discover=\"true\"\n-           href=\"/software\"\n-           style=\"text-decoration: none; display: block;\"\n-         >\n-           <div\n-             class=\"css-1tbf82h\"\n-           >\n-             <span\n-               class=\"material-symbols-outlined\"\n-               style=\"font-size: 20px; font-variation-settings: 'FILL' 1; transition: all 0.3s ease;\"\n-             >\n-               integration_instructions\n-             </span>\n-             <p\n-               class=\"css-1q0f2tm\"\n-             >\n-               Software\n-             </p>\n-           </div>\n-         </a>\n-       </div>\n-       <div\n-         class=\"css-150m7z3\"\n-       >\n-         <a\n-           class=\"\"\n-           data-discover=\"true\"\n-           href=\"/security\"\n-           style=\"text-decoration: none; display: block;\"\n+     class=\"css-l4hv4g\"\n    >\n      <div\n-             class=\"css-r7jz06\"\n-           >\n-             <span\n-               class=\"material-symbols-outlined\"\n-               style=\"font-size: 20px; transition: all 0.3s ease;\"\n+       class=\"css-ixqrcq\"\n      >\n-               shield\n-             </span>\n-             <p\n-               class=\"css-1dudv4b\"\n-             >\n-               Security\n-             </p>\n-           </div>\n-         </a>\n-       </div>\n        <div\n          class=\"css-150m7z3\"\n        >\n          <a\n            class=\"\"\n            data-discover=\"true\"\n-           href=\"/learning\"\n+           href=\"/media\"\n            style=\"text-decoration: none; display: block;\"\n          >\n            <div\n              class=\"css-r7jz06\"\n            >\n              <span\n                class=\"material-symbols-outlined\"\n                style=\"font-size: 20px; transition: all 0.3s ease;\"\n              >\n-               school\n+               movie\n              </span>\n              <p\n                class=\"css-1dudv4b\"\n              >\n-               Learning\n+               Media\n              </p>\n            </div>\n          </a>\n        </div>\n        <div\n          class=\"css-150m7z3\"\n        >\n          <a\n            class=\"\"\n            data-discover=\"true\"\n-           href=\"/resources\"\n+           href=\"/ai\"\n            style=\"text-decoration: none; display: block;\"\n          >\n            <div\n              class=\"css-r7jz06\"\n            >\n              <span\n                class=\"material-symbols-outlined\"\n                style=\"font-size: 20px; transition: all 0.3s ease;\"\n              >\n-               folder_zip\n+               psychology\n              </span>\n              <p\n                class=\"css-1dudv4b\"\n              >\n-               Resources\n+               AI\n              </p>\n            </div>\n          </a>\n        </div>\n        <div","name":"toMatchSnapshot","pass":false}}],"failureMessages":["Error: expect(received).toMatchSnapshot()\n\nSnapshot name: `SideNavBar should render collapsed in subcategory route 1`\n\n- Snapshot  - 87\n+ Received  +  8\n\n@@ -1,139 +1,60 @@\n  <div>\n    <nav\n-     class=\"css-zew14h\"\n-   >\n-     <div\n-       class=\"css-1v5akrw\"\n-     >\n-       <div\n-         class=\"css-150m7z3\"\n-       >\n-         <a\n-           class=\"\"\n-           data-discover=\"true\"\n-           href=\"/infrastructure\"\n-           style=\"text-decoration: none; display: block;\"\n-         >\n-           <div\n-             class=\"css-r7jz06\"\n-           >\n-             <span\n-               class=\"material-symbols-outlined\"\n-               style=\"font-size: 20px; transition: all 0.3s ease;\"\n-             >\n-               terminal\n-             </span>\n-             <p\n-               class=\"css-1dudv4b\"\n-             >\n-               Infrastructure\n-             </p>\n-           </div>\n-         </a>\n-       </div>\n-       <div\n-         class=\"css-150m7z3\"\n-       >\n-         <a\n-           aria-current=\"page\"\n-           class=\"active\"\n-           data-discover=\"true\"\n-           href=\"/software\"\n-           style=\"text-decoration: none; display: block;\"\n-         >\n-           <div\n-             class=\"css-1tbf82h\"\n-           >\n-             <span\n-               class=\"material-symbols-outlined\"\n-               style=\"font-size: 20px; font-variation-settings: 'FILL' 1; transition: all 0.3s ease;\"\n-             >\n-               integration_instructions\n-             </span>\n-             <p\n-               class=\"css-1q0f2tm\"\n-             >\n-               Software\n-             </p>\n-           </div>\n-         </a>\n-       </div>\n-       <div\n-         class=\"css-150m7z3\"\n-       >\n-         <a\n-           class=\"\"\n-           data-discover=\"true\"\n-           href=\"/security\"\n-           style=\"text-decoration: none; display: block;\"\n+     class=\"css-l4hv4g\"\n    >\n      <div\n-             class=\"css-r7jz06\"\n-           >\n-             <span\n-               class=\"material-symbols-outlined\"\n-               style=\"font-size: 20px; transition: all 0.3s ease;\"\n+       class=\"css-ixqrcq\"\n      >\n-               shield\n-             </span>\n-             <p\n-               class=\"css-1dudv4b\"\n-             >\n-               Security\n-             </p>\n-           </div>\n-         </a>\n-       </div>\n        <div\n          class=\"css-150m7z3\"\n        >\n          <a\n            class=\"\"\n            data-discover=\"true\"\n-           href=\"/learning\"\n+           href=\"/media\"\n            style=\"text-decoration: none; display: block;\"\n          >\n            <div\n              class=\"css-r7jz06\"\n            >\n              <span\n                class=\"material-symbols-outlined\"\n                style=\"font-size: 20px; transition: all 0.3s ease;\"\n              >\n-               school\n+               movie\n              </span>\n              <p\n                class=\"css-1dudv4b\"\n              >\n-               Learning\n+               Media\n              </p>\n            </div>\n          </a>\n        </div>\n        <div\n          class=\"css-150m7z3\"\n        >\n          <a\n            class=\"\"\n            data-discover=\"true\"\n-           href=\"/resources\"\n+           href=\"/ai\"\n            style=\"text-decoration: none; display: block;\"\n          >\n            <div\n              class=\"css-r7jz06\"\n            >\n              <span\n                class=\"material-symbols-outlined\"\n                style=\"font-size: 20px; transition: all 0.3s ease;\"\n              >\n-               folder_zip\n+               psychology\n              </span>\n              <p\n                class=\"css-1dudv4b\"\n              >\n-               Resources\n+               AI\n              </p>\n            </div>\n          </a>\n        </div>\n        <div\n    at Object.<anonymous> (/Users/mr.robot/z-stash/WorldOfTech/WOT/src/components/Shell/SideNavBar/__tests__/SideNavBar.test.tsx:25:23)\n    at Promise.then.completed (/Users/mr.robot/z-stash/WorldOfTech/WOT/node_modules/jest-circus/build/utils.js:298:28)\n    at new Promise (<anonymous>)\n    at callAsyncCircusFn (/Users/mr.robot/z-stash/WorldOfTech/WOT/node_modules/jest-circus/build/utils.js:231:10)\n    at _callCircusTest (/Users/mr.robot/z-stash/WorldOfTech/WOT/node_modules/jest-circus/build/run.js:316:40)\n    at processTicksAndRejections (node:internal/process/task_queues:95:5)\n    at _runTest (/Users/mr.robot/z-stash/WorldOfTech/WOT/node_modules/jest-circus/build/run.js:252:3)\n    at _runTestsForDescribeBlock (/Users/mr.robot/z-stash/WorldOfTech/WOT/node_modules/jest-circus/build/run.js:126:9)\n    at _runTestsForDescribeBlock (/Users/mr.robot/z-stash/WorldOfTech/WOT/node_modules/jest-circus/build/run.js:121:9)\n    at run (/Users/mr.robot/z-stash/WorldOfTech/WOT/node_modules/jest-circus/build/run.js:71:3)\n    at runAndTransformResultsToJestFormat (/Users/mr.robot/z-stash/WorldOfTech/WOT/node_modules/jest-circus/build/legacy-code-todo-rewrite/jestAdapterInit.js:122:21)\n    at jestAdapter (/Users/mr.robot/z-stash/WorldOfTech/WOT/node_modules/jest-circus/build/legacy-code-todo-rewrite/jestAdapter.js:79:19)\n    at runTestInternal (/Users/mr.robot/z-stash/WorldOfTech/WOT/node_modules/jest-runner/build/runTest.js:367:16)\n    at runTest (/Users/mr.robot/z-stash/WorldOfTech/WOT/node_modules/jest-runner/build/runTest.js:444:34)\n    at Object.worker (/Users/mr.robot/z-stash/WorldOfTech/WOT/node_modules/jest-runner/build/testWorker.js:106:12)"],"fullName":"SideNavBar should render collapsed in subcategory route","invocations":1,"location":null,"numPassingAsserts":0,"retryReasons":[],"status":"failed","title":"should render collapsed in subcategory route"}],"endTime":1778778591155,"message":"  ● SideNavBar › should render correctly in default state\n\n    expect(received).toMatchSnapshot()\n\n    Snapshot name: `SideNavBar should render correctly in default state 1`\n\n    - Snapshot  - 80\n    + Received  + 26\n\n    @@ -1,11 +1,11 @@\n      <div>\n        <nav\n    -     class=\"css-1w9x71j\"\n    +     class=\"css-1yu1kmm\"\n        >\n          <div\n    -       class=\"css-19jgx3e\"\n    +       class=\"css-il2wov\"\n          >\n            <p\n              class=\"css-15fik6v\"\n            >\n              Navigation\n    @@ -18,141 +18,87 @@\n            >\n              SYSTEM LIBRARIES\n            </p>\n          </div>\n          <div\n    -       class=\"css-1v5akrw\"\n    +       class=\"css-ixqrcq\"\n          >\n            <div\n    -         class=\"css-rtymh1\"\n    -       >\n    -         <a\n    -           class=\"\"\n    -           data-discover=\"true\"\n    -           href=\"/infrastructure\"\n    -           style=\"text-decoration: none; display: block;\"\n    +         class=\"css-1pc8169\"\n            >\n    -           <div\n    -             class=\"css-17zk0ji\"\n    -           >\n    -             <span\n    -               class=\"material-symbols-outlined\"\n    -               style=\"font-size: 20px; transition: all 0.3s ease;\"\n    -             >\n    -               terminal\n    -             </span>\n              <p\n    -               class=\"css-of2xjv\"\n    +           class=\"css-z6fwwq\"\n              >\n    -               Infrastructure\n    +           Information Library\n              </p>\n    -           </div>\n    -         </a>\n    +         <div\n    +           class=\"css-1xhv3dq\"\n    +         />\n            </div>\n            <div\n              class=\"css-rtymh1\"\n            >\n              <a\n                class=\"\"\n                data-discover=\"true\"\n    -           href=\"/software\"\n    +           href=\"/media\"\n                style=\"text-decoration: none; display: block;\"\n              >\n                <div\n    -             class=\"css-17zk0ji\"\n    +             class=\"css-4v5mcn\"\n                >\n                  <span\n                    class=\"material-symbols-outlined\"\n                    style=\"font-size: 20px; transition: all 0.3s ease;\"\n                  >\n    -               integration_instructions\n    +               movie\n                  </span>\n                  <p\n    -               class=\"css-of2xjv\"\n    +               class=\"css-5hra6z\"\n                  >\n    -               Software\n    +               Media\n                  </p>\n                </div>\n              </a>\n            </div>\n            <div\n              class=\"css-rtymh1\"\n            >\n              <a\n                class=\"\"\n                data-discover=\"true\"\n    -           href=\"/security\"\n    +           href=\"/ai\"\n                style=\"text-decoration: none; display: block;\"\n              >\n                <div\n    -             class=\"css-17zk0ji\"\n    +             class=\"css-4v5mcn\"\n                >\n                  <span\n                    class=\"material-symbols-outlined\"\n                    style=\"font-size: 20px; transition: all 0.3s ease;\"\n                  >\n    -               shield\n    +               psychology\n                  </span>\n                  <p\n    -               class=\"css-of2xjv\"\n    +               class=\"css-5hra6z\"\n                  >\n    -               Security\n    +               AI\n                  </p>\n                </div>\n              </a>\n            </div>\n            <div\n    -         class=\"css-rtymh1\"\n    +         class=\"css-1pc8169\"\n            >\n    -         <a\n    -           class=\"\"\n    -           data-discover=\"true\"\n    -           href=\"/learning\"\n    -           style=\"text-decoration: none; display: block;\"\n    -         >\n    -           <div\n    -             class=\"css-17zk0ji\"\n    -           >\n    -             <span\n    -               class=\"material-symbols-outlined\"\n    -               style=\"font-size: 20px; transition: all 0.3s ease;\"\n    -             >\n    -               school\n    -             </span>\n              <p\n    -               class=\"css-of2xjv\"\n    +           class=\"css-z6fwwq\"\n   
[...]
Name":"SearchModal should render correctly","invocations":1,"location":null,"numPassingAsserts":1,"retryReasons":[],"status":"passed","title":"should render correctly"}],"endTime":1778778592741,"message":"","name":"/Users/mr.robot/z-stash/WorldOfTech/WOT/src/components/Modal/Modals/Search/__tests__/SearchModal.test.tsx","startTime":1778778591477,"status":"passed","summary":""},{"assertionResults":[{"ancestorTitles":["ModalComponent"],"duration":198,"failureDetails":[],"failureMessages":[],"fullName":"ModalComponent should render correctly when open with SEARCH modal","invocations":1,"location":null,"numPassingAsserts":1,"retryReasons":[],"status":"passed","title":"should render correctly when open with SEARCH modal"},{"ancestorTitles":["ModalComponent"],"duration":52,"failureDetails":[],"failureMessages":[],"fullName":"ModalComponent should render nothing when closed","invocations":1,"location":null,"numPassingAsserts":1,"retryReasons":[],"status":"passed","title":"should render nothing when closed"}],"endTime":1778778592759,"message":"","name":"/Users/mr.robot/z-stash/WorldOfTech/WOT/src/components/Modal/__tests__/Modal.test.tsx","startTime":1778778591367,"status":"passed","summary":""},{"assertionResults":[{"ancestorTitles":["TopNavBar"],"duration":151,"failureDetails":[],"failureMessages":[],"fullName":"TopNavBar should render correctly","invocations":1,"location":null,"numPassingAsserts":1,"retryReasons":[],"status":"passed","title":"should render correctly"}],"endTime":1778778593017,"message":"","name":"/Users/mr.robot/z-stash/WorldOfTech/WOT/src/components/Shell/TopNavBar/__tests__/TopNavBar.test.tsx","startTime":1778778591672,"status":"passed","summary":""},{"assertionResults":[{"ancestorTitles":["Loading Component"],"duration":59,"failureDetails":[],"failureMessages":[],"fullName":"Loading Component should render correctly","invocations":1,"location":null,"numPassingAsserts":1,"retryReasons":[],"status":"passed","title":"should render correctly"}],"endTime":1778778593525,"message":"","name":"/Users/mr.robot/z-stash/WorldOfTech/WOT/src/components/Loading/__tests__/LoadingComponent.test.tsx","startTime":1778778592388,"status":"passed","summary":""},{"assertionResults":[{"ancestorTitles":["LinkPreview"],"duration":121,"failureDetails":[],"failureMessages":[],"fullName":"LinkPreview should render the domain","invocations":1,"location":null,"numPassingAsserts":1,"retryReasons":[],"status":"passed","title":"should render the domain"},{"ancestorTitles":["LinkPreview"],"duration":44,"failureDetails":[],"failureMessages":[],"fullName":"LinkPreview should render initial state correctly","invocations":1,"location":null,"numPassingAsserts":1,"retryReasons":[],"status":"passed","title":"should render initial state correctly"}],"endTime":1778778593636,"message":"","name":"/Users/mr.robot/z-stash/WorldOfTech/WOT/src/components/MdPreview/__tests__/LinkPreview.test.tsx","startTime":1778778592549,"status":"passed","summary":""},{"assertionResults":[{"ancestorTitles":["HeroSection"],"duration":170,"failureDetails":[],"failureMessages":[],"fullName":"HeroSection should render correctly","invocations":1,"location":null,"numPassingAsserts":1,"retryReasons":[],"status":"passed","title":"should render correctly"}],"endTime":1778778593730,"message":"","name":"/Users/mr.robot/z-stash/WorldOfTech/WOT/src/screens/landingPage/components/__tests__/HeroSection.test.tsx","startTime":1778778592663,"status":"passed","summary":""},{"assertionResults":[{"ancestorTitles":["ModalProvider"],"duration":122,"failureDetails":[],"failureMessages":[],"fullName":"ModalProvider should render children correctly","invocations":1,"location":null,"numPassingAsserts":1,"retryReasons":[],"status":"passed","title":"should render children correctly"}],"endTime":1778778593740,"message":"","name":"/Users/mr.robot/z-stash/WorldOfTech/WOT/src/providers/modal/__tests__/ModalProvider.test.tsx","startTime":1778778592596,"status":"passed","summary":""},{"assertionResults":[{"ancestorTitles":["CopyrightFooter"],"duration":207,"failureDetails":[],"failureMessages":[],"fullName":"CopyrightFooter should render correctly","invocations":1,"location":null,"numPassingAsserts":1,"retryReasons":[],"status":"passed","title":"should render correctly"}],"endTime":1778778594060,"message":"","name":"/Users/mr.robot/z-stash/WorldOfTech/WOT/src/components/Shell/CopyrightFooter/__tests__/CopyrightFooter.test.tsx","startTime":1778778592756,"status":"passed","summary":""},{"assertionResults":[{"ancestorTitles":["TableOfContents"],"duration":151,"failureDetails":[],"failureMessages":[],"fullName":"TableOfContents should render headings","invocations":1,"location":null,"numPassingAsserts":2,"retryReasons":[],"status":"passed","title":"should render headings"},{"ancestorTitles":["TableOfContents"],"duration":78,"failureDetails":[],"failureMessages":[],"fullName":"TableOfContents should return null if no headings","invocations":1,"location":null,"numPassingAsserts":1,"retryReasons":[],"status":"passed","title":"should return null if no headings"},{"ancestorTitles":["TableOfContents"],"duration":102,"failureDetails":[],"failureMessages":[],"fullName":"TableOfContents should render links with correct hrefs","invocations":1,"location":null,"numPassingAsserts":2,"retryReasons":[],"status":"passed","title":"should render links with correct hrefs"}],"endTime":1778778594206,"message":"","name":"/Users/mr.robot/z-stash/WorldOfTech/WOT/src/components/TableOfContents/__tests__/TableOfContents.test.tsx","startTime":1778778592775,"status":"passed","summary":""},{"assertionResults":[{"ancestorTitles":["TitleBoxContainer"],"duration":56,"failureDetails":[],"failureMessages":[],"fullName":"TitleBoxContainer should render correctly with title","invocations":1,"location":null,"numPassingAsserts":1,"retryReasons":[],"status":"passed","title":"should render correctly with title"}],"endTime":1778778594318,"message":"","name":"/Users/mr.robot/z-stash/WorldOfTech/WOT/src/components/TitleBox/__tests__/TitleBoxContainer.test.tsx","startTime":1778778593056,"status":"passed","summary":""},{"assertionResults":[{"ancestorTitles":["Modal selector"],"duration":10,"failureDetails":[],"failureMessages":[],"fullName":"Modal selector should return modal selector state and actions","invocations":1,"location":null,"numPassingAsserts":1,"retryReasons":[],"status":"passed","title":"should return modal selector state and actions"},{"ancestorTitles":["Modal selector"],"duration":1,"failureDetails":[],"failureMessages":[],"fullName":"Modal selector should return modal state with initial value","invocations":1,"location":null,"numPassingAsserts":1,"retryReasons":[],"status":"passed","title":"should return modal state with initial value"},{"ancestorTitles":["Modal selector"],"duration":17,"failureDetails":[],"failureMessages":[],"fullName":"Modal selector should return modal state on modal data set using openModal","invocations":1,"location":null,"numPassingAsserts":1,"retryReasons":[],"status":"passed","title":"should return modal state on modal data set using openModal"},{"ancestorTitles":["Modal selector"],"duration":47,"failureDetails":[],"failureMessages":[],"fullName":"Modal selector should reset and close modal state on modal data set using closeModal","invocations":1,"location":null,"numPassingAsserts":5,"retryReasons":[],"status":"passed","title":"should reset and close modal state on modal data set using closeModal"}],"endTime":1778778594547,"message":"","name":"/Users/mr.robot/z-stash/WorldOfTech/WOT/src/store/ui/selectors/Modal/__tests__/Modal.selector.test.ts","startTime":1778778594221,"status":"passed","summary":""},{"assertionResults":[{"ancestorTitles":["Modal slice"],"duration":2,"failureDetails":[],"failureMessages":[],"fullName":"Modal slice should return modal selector state and actions","invocations":1,"location":null,"numPassingAsserts":1,"retryReasons":[],"status":"passed","title":"should return modal selector state and actions"},{"ancestorTitles":["Modal slice"],"duration":1,"failureDetails":[],"failureMessages":[],"fullName":"Modal slice should return modal state with initial value","invocations":1,"location":null,"numPassingAsserts":1,"retryReasons":[],"status":"passed","title":"should return modal state with initial value"},{"ancestorTitles":["Modal slice"],"duration":8,"failureDetails":[],"failureMessages":[],"fullName":"Modal slice should return modal state on modal data set using openModal","invocations":1,"location":null,"numPassingAsserts":1,"retryReasons":[],"status":"passed","title":"should return modal state on modal data set using openModal"},{"ancestorTitles":["Modal slice"],"duration":3,"failureDetails":[],"failureMessages":[],"fullName":"Modal slice should reset and close modal state on modal data set using closeModal","invocations":1,"location":null,"numPassingAsserts":4,"retryReasons":[],"status":"passed","title":"should reset and close modal state on modal data set using closeModal"}],"endTime":1778778594786,"message":"","name":"/Users/mr.robot/z-stash/WorldOfTech/WOT/src/store/ui/slice/Modal/__tests__/Modal.slice.test.ts","startTime":1778778594361,"status":"passed","summary":""},{"assertionResults":[{"ancestorTitles":["Icons"],"duration":12,"failureDetails":[],"failureMessages":[],"fullName":"Icons should render IconDay icon","invocations":1,"location":null,"numPassingAsserts":1,"retryReasons":[],"status":"passed","title":"should render IconDay icon"},{"ancestorTitles":["Icons"],"duration":2,"failureDetails":[],"failureMessages":[],"fullName":"Icons should render IconWorldOfTech icon","invocations":1,"location":null,"numPassingAsserts":1,"retryReasons":[],"status":"passed","title":"should render IconWorldOfTech icon"},{"ancestorTitles":["Icons"],"duration":1,"failureDetails":[],"failureMessages":[],"fullName":"Icons should render IconNight icon","invocations":1,"location":null,"numPassingAsserts":1,"retryReasons":[],"status":"passed","title":"should render IconNight icon"}],"endTime":1778778594984,"message":"","name":"/Users/mr.robot/z-stash/WorldOfTech/WOT/src/assets/icons/__tests__/Icons.test.tsx","startTime":1778778594815,"status":"passed","summary":""},{"assertionResults":[{"ancestorTitles":["App"],"duration":3,"failureDetails":[],"failureMessages":[],"fullName":"App should render without crashing","invocations":1,"location":null,"numPassingAsserts":1,"retryReasons":[],"status":"passed","title":"should render without crashing"}],"endTime":1778778594963,"message":"","name":"/Users/mr.robot/z-stash/WorldOfTech/WOT/src/__tests__/App.test.tsx","startTime":1778778594680,"status":"passed","summary":""},{"assertionResults":[{"ancestorTitles":["ThemeProvider"],"duration":35,"failureDetails":[],"failureMessages":[],"fullName":"ThemeProvider should render children correctly","invocations":1,"location":null,"numPassingAsserts":1,"retryReasons":[],"status":"passed","title":"should render children correctly"}],"endTime":1778778595100,"message":"","name":"/Users/mr.robot/z-stash/WorldOfTech/WOT/src/providers/theme/__tests__/ThemeProvider.test.tsx","startTime":1778778593572,"status":"passed","summary":""},{"assertionResults":[{"ancestorTitles":["UseIsDarkMode"],"duration":2,"failureDetails":[],"failureMessages":[],"fullName":"UseIsDarkMode should return true when dark mode is active","invocations":1,"location":null,"numPassingAsserts":1,"retryReasons":[],"status":"passed","title":"should return true when dark mode is active"}],"endTime":1778778595124,"message":"","name":"/Users/mr.robot/z-stash/WorldOfTech/WOT/src/components/Theme/hooks/__tests__/seIsDarkMode.test.tsx","startTime":1778778595002,"status":"passed","summary":""},{"assertionResults":[{"ancestorTitles":["useIsIntersecting"],"duration":2,"failureDetails":[],"failureMessages":[],"fullName":"useIsIntersecting should observe the element on mount","invocations":1,"location":null,"numPassingAsserts":1,"retryReasons":[],"status":"passed","title":"should observe the element on mount"},{"ancestorTitles":["useIsIntersecting"],"duration":3,"failureDetails":[],"failureMessages":[],"fullName":"useIsIntersecting should disconnect on unmount","invocations":1,"location":null,"numPassingAsserts":1,"retryReasons":[],"status":"passed","title":"should disconnect on unmount"}],"endTime":1778778595273,"message":"","name":"/Users/mr.robot/z-stash/WorldOfTech/WOT/src/screens/hooks/__tests__/useIsIntersecting.test.tsx","startTime":1778778595008,"status":"passed","summary":""},{"assertionResults":[{"ancestorTitles":["MdPreview utils","fetchMdContent"],"duration":5,"failureDetails":[],"failureMessages":[],"fullName":"MdPreview utils fetchMdContent should fetch content and call responseHandler","invocations":1,"location":null,"numPassingAsserts":2,"retryReasons":[],"status":"passed","title":"should fetch content and call responseHandler"},{"ancestorTitles":["MdPreview utils","fetchMdContent"],"duration":4,"failureDetails":[],"failureMessages":[],"fullName":"MdPreview utils fetchMdContent should log error if fetch fails","invocations":1,"location":null,"numPassingAsserts":1,"retryReasons":[],"status":"passed","title":"should log error if fetch fails"},{"ancestorTitles":["MdPreview utils","getMdFileDataInString"],"duration":1,"failureDetails":[],"failureMessages":[],"fullName":"MdPreview utils getMdFileDataInString should not call responseHandler if path is empty","invocations":1,"location":null,"numPassingAsserts":1,"retryReasons":[],"status":"passed","title":"should not call responseHandler if path is empty"}],"endTime":1778778595406,"message":"","name":"/Users/mr.robot/z-stash/WorldOfTech/WOT/src/components/MdPreview/__tests__/utils.test.ts","startTime":1778778595194,"status":"passed","summary":""},{"assertionResults":[{"ancestorTitles":["LocalizationProvider"],"duration":25,"failureDetails":[],"failureMessages":[],"fullName":"LocalizationProvider should render children correctly","invocations":1,"location":null,"numPassingAsserts":1,"retryReasons":[],"status":"passed","title":"should render children correctly"}],"endTime":1778778595422,"message":"","name":"/Users/mr.robot/z-stash/WorldOfTech/WOT/src/providers/localization/__tests__/LocalizationProvider.test.tsx","startTime":1778778595193,"status":"passed","summary":""},{"assertionResults":[{"ancestorTitles":["MdPreview"],"duration":89,"failureDetails":[],"failureMessages":[],"fullName":"MdPreview should render empty MdPreview","invocations":1,"location":null,"numPassingAsserts":1,"retryReasons":[],"status":"passed","title":"should render empty MdPreview"},{"ancestorTitles":["MdPreview"],"duration":64,"failureDetails":[],"failureMessages":[],"fullName":"MdPreview should render MdPreview with content","invocations":1,"location":null,"numPassingAsserts":2,"retryReasons":[],"status":"passed","title":"should render MdPreview with content"},{"ancestorTitles":["MdPreview"],"duration":45,"failureDetails":[],"failureMessages":[],"fullName":"MdPreview should add target=\"_blank\" to links on mouse over","invocations":1,"location":null,"numPassingAsserts":2,"retryReasons":[],"status":"passed","title":"should add target=\"_blank\" to links on mouse over"}],"endTime":1778778595454,"message":"","name":"/Users/mr.robot/z-stash/WorldOfTech/WOT/src/components/MdPreview/__tests__/MdPreview.test.tsx","startTime":1778778593657,"status":"passed","summary":""},{"assertionResults":[{"ancestorTitles":["LazyProvider"],"duration":67,"failureDetails":[],"failureMessages":[],"fullName":"LazyProvider should render children correctly","invocations":1,"location":null,"numPassingAsserts":1,"retryReasons":[],"status":"passed","title":"should render children correctly"}],"endTime":1778778595494,"message":"","name":"/Users/mr.robot/z-stash/WorldOfTech/WOT/src/providers/lazy/__tests__/LazyProvider.test.tsx","startTime":1778778593757,"status":"passed","summary":""},{"assertionResults":[{"ancestorTitles":["usePaddingForScreen"],"duration":3,"failureDetails":[],"failureMessages":[],"fullName":"usePaddingForScreen should return full padding for landing page","invocations":1,"location":null,"numPassingAsserts":1,"retryReasons":[],"status":"passed","title":"should return full padding for landing page"},{"ancestorTitles":["usePaddingForScreen"],"duration":2,"failureDetails":[],"failureMessages":[],"fullName":"usePaddingForScreen should return minimal padding for non-landing page","invocations":1,"location":null,"numPassingAsserts":2,"retryReasons":[],"status":"passed","title":"should return minimal padding for non-landing page"}],"endTime":1778778595500,"message":"","name":"/Users/mr.robot/z-stash/WorldOfTech/WOT/src/screens/hooks/__tests__/usePaddingForScreen.test.tsx","startTime":1778778595325,"status":"passed","summary":""},{"assertionResults":[{"ancestorTitles":["RouterProvider"],"duration":7,"failureDetails":[],"failureMessages":[],"fullName":"RouterProvider should render correctly","invocations":1,"location":null,"numPassingAsserts":1,"retryReasons":[],"status":"passed","title":"should render correctly"}],"endTime":1778778595523,"message":"","name":"/Users/mr.robot/z-stash/WorldOfTech/WOT/src/providers/router/__tests__/RouterProvider.test.tsx","startTime":1778778593836,"status":"passed","summary":""},{"assertionResults":[{"ancestorTitles":["useLinkPreview"],"duration":2,"failureDetails":[],"failureMessages":[],"fullName":"useLinkPreview should initialize with default state","invocations":1,"location":null,"numPassingAsserts":1,"retryReasons":[],"status":"passed","title":"should initialize with default state"},{"ancestorTitles":["useLinkPreview"],"duration":2,"failureDetails":[],"failureMessages":[],"fullName":"useLinkPreview should show preview after delay on mouse enter","invocations":1,"location":null,"numPassingAsserts":2,"retryReasons":[],"status":"passed","title":"should show preview after delay on mouse enter"},{"ancestorTitles":["useLinkPreview"],"duration":3,"failureDetails":[],"failureMessages":[],"fullName":"useLinkPreview should not show preview if mouse leaves before delay","invocations":1,"location":null,"numPassingAsserts":1,"retryReasons":[],"status":"passed","title":"should not show preview if mouse leaves before delay"}],"endTime":1778778595559,"message":"","name":"/Users/mr.robot/z-stash/WorldOfTech/WOT/src/components/MdPreview/hooks/__tests__/useLinkPreview.test.ts","startTime":1778778595427,"status":"passed","summary":""},{"assertionResults":[{"ancestorTitles":["useIsLandingPage"],"duration":2,"failureDetails":[],"failureMessages":[],"fullName":"useIsLandingPage should return true for landing page path","invocations":1,"location":null,"numPassingAsserts":1,"retryReasons":[],"status":"passed","title":"should return true for landing page path"},{"ancestorTitles":["useIsLandingPage"],"duration":0,"failureDetails":[],"failureMessages":[],"fullName":"useIsLandingPage should return true for privacy policy path","invocations":1,"location":null,"numPassingAsserts":1,"retryReasons":[],"status":"passed","title":"should return true for privacy policy path"},{"ancestorTitles":["useIsLandingPage"],"duration":1,"failureDetails":[],"failureMessages":[],"fullName":"useIsLandingPage should return false for category path","invocations":1,"location":null,"numPassingAsserts":1,"retryReasons":[],"status":"passed","title":"should return false for category path"}],"endTime":1778778595567,"message":"","name":"/Users/mr.robot/z-stash/WorldOfTech/WOT/src/routes/__tests__/useIsLandingPage.test.tsx","startTime":1778778595464,"status":"passed","summary":""},{"assertionResults":[{"ancestorTitles":["ThemeIcon"],"duration":32,"failureDetails":[],"failureMessages":[],"fullName":"ThemeIcon should render correctly","invocations":1,"location":null,"numPassingAsserts":1,"retryReasons":[],"status":"passed","title":"should render correctly"}],"endTime":1778778595577,"message":"","name":"/Users/mr.robot/z-stash/WorldOfTech/WOT/src/components/Theme/components/__tests__/ThemeIcon.test.tsx","startTime":1778778594173,"status":"passed","summary":""}],"wasInterrupted":false}
